<?xml version="1.0" encoding="UTF-8"?>
<testng-results ignored="0" total="1" passed="1" failed="0" skipped="0">
  <reporter-output>
  </reporter-output>
  <suite started-at="2023-01-05T22:32:32 IST" name="Default suite" finished-at="2023-01-05T22:32:33 IST" duration-ms="1213">
    <groups>
    </groups>
    <test started-at="2023-01-05T22:32:32 IST" name="Default test" finished-at="2023-01-05T22:32:33 IST" duration-ms="1213">
      <class name="demo.Demo">
        <test-method signature="DataRead()[pri:0, instance:demo.Demo@5c5eefef]" started-at="2023-01-05T22:32:32 IST" name="DataRead" finished-at="2023-01-05T22:32:33 IST" duration-ms="1147" status="PASS">
          <reporter-output>
          </reporter-output>
        </test-method> <!-- DataRead -->
      </class> <!-- demo.Demo -->
    </test> <!-- Default test -->
  </suite> <!-- Default suite -->
</testng-results>
